<?xml version="1.0" encoding="UTF-8"?>
<testng-results ignored="0" total="1" passed="1" failed="0" skipped="0">
  <reporter-output>
  </reporter-output>
  <suite started-at="2023-02-13T12:38:22 BDT" name="Default suite" finished-at="2023-02-13T12:38:48 BDT" duration-ms="25936">
    <groups>
    </groups>
    <test started-at="2023-02-13T12:38:22 BDT" name="Default test" finished-at="2023-02-13T12:38:48 BDT" duration-ms="25936">
      <class name="tests.Check_out">
        <test-method is-config="true" signature="setBrowser()[pri:0, instance:tests.Check_out@338c99c8]" started-at="2023-02-13T12:38:19 BDT" name="setBrowser" finished-at="2023-02-13T12:38:22 BDT" duration-ms="2919" status="PASS">
          <reporter-output>
          </reporter-output>
        </test-method> <!-- setBrowser -->
        <test-method signature="check()[pri:0, instance:tests.Check_out@338c99c8]" started-at="2023-02-13T12:38:22 BDT" name="check" finished-at="2023-02-13T12:38:48 BDT" duration-ms="25888" status="PASS">
          <reporter-output>
          </reporter-output>
        </test-method> <!-- check -->
        <test-method is-config="true" signature="quitDriver()[pri:0, instance:tests.Check_out@338c99c8]" started-at="2023-02-13T12:38:48 BDT" name="quitDriver" finished-at="2023-02-13T12:38:48 BDT" duration-ms="563" status="PASS">
          <reporter-output>
          </reporter-output>
        </test-method> <!-- quitDriver -->
      </class> <!-- tests.Check_out -->
    </test> <!-- Default test -->
  </suite> <!-- Default suite -->
</testng-results>
